DEBUG:finished loading config
LOG:Loading language file: zh_CN
DEBUG:root dir: C:\Users\lenovo\Desktop\模组同步
LOG:Starting scan for managed files: 2024年4月13日
LOG:Ignore patterns: {
  **/serversync-*.jar
  **/serversync-*.cfg
}
DEBUG:All files: {
  mods\TerraBlender-forge-1.20.1-3.0.1.4.jar
  mods\[简单的语音聊天] voicechat-forge-1.20.1-2.5.12.jar
  mods\[超多生物群系] BiomesOPlenty-1.20.1-18.0.0.598.jar
}
DEBUG:Ignored files: {
  
}
DEBUG:Filtered files: {
  mods\TerraBlender-forge-1.20.1-3.0.1.4.jar
  mods\[简单的语音聊天] voicechat-forge-1.20.1-2.5.12.jar
  mods\[超多生物群系] BiomesOPlenty-1.20.1-18.0.0.598.jar
}
LOG:Found 3 files in 1 directories <mods>
LOG:Managed files: {
  mods\[简单的语音聊天] voicechat-forge-1.20.1-2.5.12.jar -> c2f8c2453cb589f1784594f0487f28d0a09b03669e4326b5bd9c01f9d4052a6c
  mods\TerraBlender-forge-1.20.1-3.0.1.4.jar -> 09b13f1ec59667282e3b5b6e0c3669fb1ff1889cb3e205d9fe5c5a15778146a8
  mods\[超多生物群系] BiomesOPlenty-1.20.1-18.0.0.598.jar -> 71eb3ddb35c1c2db6c15f80f001a6655508435a5f3828c7e2f666eada616c19d
}
DEBUG:Creating new server socket
LOG:Now accepting clients...
